[PASS] operator[]
  id: methods.operator.bracket

[PASS] copy assignment 1
  id: methods.operator.copy_assignment.1

[FAIL] copy assignment 0
  id: methods.operator.copy_assignment.0

  -------------------------------- test output --------------------------------
  Running main() from /tmp/tmpcemxtapm/gtest/_deps/googletest-src/googletest/src/gtest_main.cc
  Note: Google Test filter = COLLECTION.COPY0
  [==========] Running 1 test from 1 test suite.
  [----------] Global test environment set-up.
  [----------] 1 test from COLLECTION
  [ RUN      ] COLLECTION.COPY0
  Attempting to create a Collection with initial capacity: 10
  Created a Collection with initial capacity: 10
  Attempting to create a second Collection with initial capacity: 12
  Created a Collection with initial capacity: 12
  Attempting to insert 13 items. 
  Items inserted: 13
  Attempting to insert 13 items into second Collection. 
  Items inserted: 13
  Attempting to use Copy Assignment.
  Performing memory location test.
  Fail: What happens with memory locations  of objects when a copy assignment is used. Are they same or different?
  /home/flu0r1ne/autograde/csce221-pa1-p2/csce221-pa1-p2/planr/tests/copy_assignment.cpp:52: Failure
  Value of: false
    Actual: false
  Expected: true
  free(): double free detected in tcache 2
  Could not collect results from copy_assignment: unexpected end of JSON input
  ------------------------------------------------------------------------------

[FAIL] Insertion operator >>
  id: methods.operator.insertion

  -------------------------------- test output --------------------------------
  Running main() from /tmp/tmpcemxtapm/gtest/_deps/googletest-src/googletest/src/gtest_main.cc
  Note: Google Test filter = COLLECTION.INSERTION
  [==========] Running 1 test from 1 test suite.
  [----------] Global test environment set-up.
  [----------] 1 test from COLLECTION
  [ RUN      ] COLLECTION.INSERTION
  Attempting to create a Collection
  Created a Collection
  Success
  Using >> opertor
  Color: blue
  Color: blue
  COLOR MATCH: 1
  Color: blue
  Checking if the contents in the file match the Collection object
  /home/flu0r1ne/autograde/csce221-pa1-p2/csce221-pa1-p2/planr/tests/insertion.cpp:32: Failure
  Expected equality of these values:
    c.total_items()
      Which is: 1
    10
  [  FAILED  ] COLLECTION.INSERTION (0 ms)
  [----------] 1 test from COLLECTION (0 ms total)
  
  [----------] Global test environment tear-down
  [==========] 1 test from 1 test suite ran. (0 ms total)
  [  PASSED  ] 0 tests.
  [  FAILED  ] 1 test, listed below:
  [  FAILED  ] COLLECTION.INSERTION
  
   1 FAILED TEST
  ------------------------------------------------------------------------------

[FAIL] Extraction operator <<
  id: methods.operator.extraction

  -------------------------------- test output --------------------------------
  Running main() from /tmp/tmpcemxtapm/gtest/_deps/googletest-src/googletest/src/gtest_main.cc
  Note: Google Test filter = COLLECTION.EXTRACTION
  [==========] Running 1 test from 1 test suite.
  [----------] Global test environment set-up.
  [----------] 1 test from COLLECTION
  [ RUN      ] COLLECTION.EXTRACTION
  Attempting to create a Collection
  Created a Collection
  Attempting to insert 5 items. 
  Items inserted: 5
  Using << operator
  0
  Checking output of << operator
  
  Your << output: 
  
  Expected << output:
  (red, medium)
  (green, small)
  (blue, large)
  (yellow, medium)
  (red, small)
  
  /home/flu0r1ne/autograde/csce221-pa1-p2/csce221-pa1-p2/planr/tests/extraction.cpp:49: Failure
  Value of: false
    Actual: false
  Expected: true
  [  FAILED  ] COLLECTION.EXTRACTION (1 ms)
  [----------] 1 test from COLLECTION (1 ms total)
  
  [----------] Global test environment tear-down
  [==========] 1 test from 1 test suite ran. (1 ms total)
  [  PASSED  ] 0 tests.
  [  FAILED  ] 1 test, listed below:
  [  FAILED  ] COLLECTION.EXTRACTION
  
   1 FAILED TEST
  ------------------------------------------------------------------------------

[PASS] make_empty()
  id: methods.make_empty

[PASS] insert_item() 0
  id: methods.insert_item.0

[PASS] insert_item() 1
  id: methods.insert_item.1

[PASS] insert_item() 2 (on reserved)
  id: methods.insert_item.2

[PASS] remove() 2
  id: methods.remove.2

[PASS] remove() 3
  id: methods.remove.3

[PASS] remove() 1
  id: methods.remove.1

[PASS] remove() 4
  id: methods.remove.4

[PASS] remove() 0
  id: methods.remove.0

[PASS] contains()
  id: methods.contains

[PASS] Example Title
  id: methods.is_empty

[PASS] total_items()
  id: methods.total_items.vanilla

[PASS] total_items() - size
  id: methods.total_items.size

[PASS] total_items() - color
  id: methods.total_items.color

[FAIL] union
  id: external.make_union

  -------------------------------- test output --------------------------------
  Running main() from /tmp/tmpcemxtapm/gtest/_deps/googletest-src/googletest/src/gtest_main.cc
  Note: Google Test filter = COLLECTION.MAKE_UNION
  [==========] Running 1 test from 1 test suite.
  [----------] Global test environment set-up.
  [----------] 1 test from COLLECTION
  [ RUN      ] COLLECTION.MAKE_UNION
  Attempting to create two Collections
  Created
  Attempting to insert 25 items to Collection 1. 
  Items inserted: 25
  Attempting to insert 15 items to Collection 2. 
  Items inserted: 15
  Before Union:
  Collection one size: 25
  Collection two size: 15
  0
  /home/flu0r1ne/autograde/csce221-pa1-p2/csce221-pa1-p2/planr/tests/make_union.cpp:54: Failure
  Expected equality of these values:
    c2.total_items()
      Which is: 25
    5 * (c1n + c2n)
      Which is: 40
  [  FAILED  ] COLLECTION.MAKE_UNION (0 ms)
  [----------] 1 test from COLLECTION (0 ms total)
  
  [----------] Global test environment tear-down
  [==========] 1 test from 1 test suite ran. (0 ms total)
  [  PASSED  ] 0 tests.
  [  FAILED  ] 1 test, listed below:
  [  FAILED  ] COLLECTION.MAKE_UNION
  
   1 FAILED TEST
  ------------------------------------------------------------------------------

[PASS] Bubble Sort 2
  id: external.sort.bubble.2

[PASS] Bubble Sort 1
  id: external.sort.bubble.1

[PASS] Bubble Sort 0
  id: external.sort.bubble.0

[FAIL] Insertion Sort 0
  id: external.sort.insertion.0

  -------------------------------- test output --------------------------------
  Running main() from /tmp/tmpcemxtapm/gtest/_deps/googletest-src/googletest/src/gtest_main.cc
  Note: Google Test filter = COLLECTION.SORT_INSERTION0
  [==========] Running 1 test from 1 test suite.
  [----------] Global test environment set-up.
  [----------] 1 test from COLLECTION
  [ RUN      ] COLLECTION.SORT_INSERTION0
  
  Before sorting:
  0
  0
  0
  After sorting:
  0
  Not sorted! Average case (random order) fails. Check in your compiler.
  /home/flu0r1ne/autograde/csce221-pa1-p2/csce221-pa1-p2/planr/tests/sort_insertion.cpp:37: Failure
  Value of: false
    Actual: false
  Expected: true
  [  FAILED  ] COLLECTION.SORT_INSERTION0 (0 ms)
  [----------] 1 test from COLLECTION (0 ms total)
  
  [----------] Global test environment tear-down
  [==========] 1 test from 1 test suite ran. (1 ms total)
  [  PASSED  ] 0 tests.
  [  FAILED  ] 1 test, listed below:
  [  FAILED  ] COLLECTION.SORT_INSERTION0
  
   1 FAILED TEST
  ------------------------------------------------------------------------------

[PASS] Insertion Sort 1
  id: external.sort.insertion.1

[PASS] Insertion Sort 2
  id: external.sort.insertion.2

[PASS] selection sort 0
  id: external.sort.selection.0

[PASS] selection sort 1
  id: external.sort.selection.1

[PASS] selection sort 2
  id: external.sort.selection.2

[PASS] swap
  id: external.swap

[PASS] Move Constructor 0
  id: constructor.move.0

[PASS] Move Constructor 1
  id: constructor.move.1

[PASS] Move Constructor 2
  id: constructor.move.2

[PASS] Copy constructor 1
  id: constructor.copy.1

[PASS] Copy constructor 0
  id: constructor.copy.0

[FAIL] Default constructors with one argument
  id: constructor.default.one_arguement

  -------------------------------- test output --------------------------------
  Running main() from /tmp/tmpcemxtapm/gtest/_deps/googletest-src/googletest/src/gtest_main.cc
  Note: Google Test filter = COLLECTION.ONE_ARGUEMENT
  [==========] Running 1 test from 1 test suite.
  [----------] Global test environment set-up.
  [----------] 1 test from COLLECTION
  [ RUN      ] COLLECTION.ONE_ARGUEMENT
  Attempting to create Collection objects.
  Created Collections with initial capacities: 13 14 15 
  Checking if the Collection object is empty. 
  Fail: Collection(s) is/are not empty after creating. 
  /home/flu0r1ne/autograde/csce221-pa1-p2/csce221-pa1-p2/planr/tests/one_arguement.cpp:21: Failure
  Value of: false
    Actual: false
  Expected: true
  [  FAILED  ] COLLECTION.ONE_ARGUEMENT (0 ms)
  [----------] 1 test from COLLECTION (0 ms total)
  
  [----------] Global test environment tear-down
  [==========] 1 test from 1 test suite ran. (0 ms total)
  [  PASSED  ] 0 tests.
  [  FAILED  ] 1 test, listed below:
  [  FAILED  ] COLLECTION.ONE_ARGUEMENT
  
   1 FAILED TEST
  ------------------------------------------------------------------------------

[PASS] Default constructors with no argument
  id: constructor.default.no_arguments

[PASS] Destructor
  id: destructor

[PASS] No memory leaks
  id: memory

[FAIL] Makefile
  id: makefile

  -------------------------------- test output --------------------------------
  Can't find makefile
  ------------------------------------------------------------------------------

Final Results:
  passed: 33/40
  score: 64.00/85.00 ~= 75.3%
